<?xml version="1.0" encoding="UTF-8"?>
<testng-results skipped="0" failed="0" ignored="0" total="1" passed="1">
  <reporter-output>
  </reporter-output>
  <suite name="Surefire suite" duration-ms="19956" started-at="2019-08-14T23:37:34 IST" finished-at="2019-08-14T23:37:54 IST">
    <groups>
    </groups>
    <test name="Surefire test" duration-ms="19956" started-at="2019-08-14T23:37:34 IST" finished-at="2019-08-14T23:37:54 IST">
      <class name="com.telstra.test.FlipTest">
        <test-method status="PASS" signature="launchBrowser()[pri:0, instance:com.telstra.test.FlipTest@742ff096]" name="launchBrowser" is-config="true" duration-ms="15" started-at="2019-08-14T23:37:34 IST" finished-at="2019-08-14T23:37:34 IST">
          <reporter-output>
          </reporter-output>
        </test-method> <!-- launchBrowser -->
        <test-method status="PASS" signature="FirstFlip()[pri:0, instance:com.telstra.test.FlipTest@742ff096]" name="FirstFlip" duration-ms="16881" started-at="2019-08-14T23:37:34 IST" finished-at="2019-08-14T23:37:51 IST">
          <reporter-output>
          </reporter-output>
        </test-method> <!-- FirstFlip -->
        <test-method status="PASS" signature="closeBrowser()[pri:0, instance:com.telstra.test.FlipTest@742ff096]" name="closeBrowser" is-config="true" duration-ms="3025" started-at="2019-08-14T23:37:51 IST" finished-at="2019-08-14T23:37:54 IST">
          <reporter-output>
          </reporter-output>
        </test-method> <!-- closeBrowser -->
      </class> <!-- com.telstra.test.FlipTest -->
    </test> <!-- Surefire test -->
  </suite> <!-- Surefire suite -->
</testng-results>
